2026-03-18 16:56:21,590 - INFO - Loading ML model...
2026-03-18 16:56:28,425 - INFO - Model loaded successfully ✅
2026-03-18 16:56:28,437 - INFO - Loading ML model...
2026-03-18 16:56:28,461 - INFO - Model loaded successfully
2026-03-18 16:58:23,198 - INFO - Loading ML model...
2026-03-18 16:58:24,452 - INFO - Model loaded successfully ✅
2026-03-18 16:58:24,466 - INFO - Loading ML model...
2026-03-18 16:58:24,497 - INFO - Model loaded successfully
2026-03-18 16:58:25,936 - INFO - Loading ML model...
2026-03-18 16:58:27,034 - INFO - Model loaded successfully ✅
2026-03-18 16:58:27,043 - INFO - Loading ML model...
2026-03-18 16:58:27,069 - INFO - Model loaded successfully
2026-03-19 12:05:04,515 - INFO - Loading ML model...
2026-03-19 12:05:09,044 - INFO - Model loaded successfully ✅
2026-03-19 12:05:09,057 - INFO - Loading ML model...
2026-03-19 12:05:09,186 - INFO - Model loaded successfully
2026-03-19 12:09:16,440 - INFO - Loading ML model...
2026-03-19 12:09:20,082 - INFO - Model loaded successfully ✅
2026-03-19 12:09:20,086 - INFO - Loading ML model...
2026-03-19 12:09:20,146 - INFO - Model loaded successfully
2026-03-19 12:10:51,171 - INFO - Loading ML model...
2026-03-19 12:10:52,819 - INFO - Model loaded successfully ✅
2026-03-19 12:10:52,822 - INFO - Loading ML model...
2026-03-19 12:10:52,853 - INFO - Model loaded successfully
2026-03-19 12:11:20,916 - INFO - Prediction: 0, Prob: 0.3
2026-03-19 12:11:43,575 - INFO - Prediction: 0, Prob: 0.3
2026-03-19 12:15:03,756 - INFO - Loading ML model...
2026-03-19 12:15:06,010 - INFO - Model loaded successfully ✅
2026-03-19 12:15:06,013 - INFO - Loading ML model...
2026-03-19 12:15:06,044 - INFO - Model loaded successfully
2026-03-19 12:15:30,878 - INFO - Prediction: 1, Prob: 0.56
2026-03-19 12:20:40,357 - INFO - Loading ML model...
2026-03-19 12:20:42,112 - INFO - Model loaded successfully ✅
2026-03-19 12:20:51,480 - INFO - Loading ML model...
2026-03-19 12:20:52,778 - INFO - Model loaded successfully ✅
2026-03-19 12:20:52,785 - INFO - Loading ML model...
2026-03-19 12:20:52,818 - INFO - Model loaded successfully
2026-03-19 12:21:03,247 - INFO - Loading ML model...
2026-03-19 12:21:04,594 - INFO - Model loaded successfully ✅
2026-03-19 12:21:21,812 - INFO - Loading ML model...
2026-03-19 12:21:23,149 - INFO - Model loaded successfully ✅
2026-03-19 12:21:57,869 - INFO - Prediction: 1, Prob: 0.56
2026-03-19 12:24:27,200 - INFO - Loading ML model...
2026-03-19 12:24:28,828 - INFO - Model loaded successfully ✅
2026-03-19 12:24:50,258 - INFO - Prediction: 0, Prob: 0.3
2026-03-19 12:25:33,673 - INFO - Loading ML model...
2026-03-19 12:25:34,946 - INFO - Model loaded successfully ✅
2026-03-19 12:25:38,352 - INFO - Loading ML model...
2026-03-19 12:25:39,728 - INFO - Model loaded successfully ✅
2026-03-19 12:25:57,574 - INFO - Prediction: 1, Prob: 0.56
2026-03-19 12:29:45,687 - INFO - Loading ML model...
2026-03-19 12:29:46,945 - INFO - Model loaded successfully ✅
2026-03-19 12:30:09,452 - INFO - Prediction: 1, Prob: 0.57
2026-03-19 12:30:41,885 - INFO - Loading ML model...
2026-03-19 12:30:43,221 - INFO - Model loaded successfully ✅
2026-03-19 12:30:46,497 - INFO - Loading ML model...
2026-03-19 12:30:47,840 - INFO - Model loaded successfully ✅
2026-03-19 12:30:52,275 - INFO - Loading ML model...
2026-03-19 12:30:53,671 - INFO - Model loaded successfully ✅
2026-03-19 12:30:57,256 - INFO - Loading ML model...
2026-03-19 12:30:58,603 - INFO - Model loaded successfully ✅
2026-03-19 12:31:45,305 - INFO - Loading ML model...
2026-03-19 12:31:46,619 - INFO - Model loaded successfully ✅
2026-03-19 12:31:50,654 - INFO - Loading ML model...
2026-03-19 12:31:51,888 - INFO - Model loaded successfully ✅
2026-03-19 12:31:55,521 - INFO - Loading ML model...
2026-03-19 12:31:56,804 - INFO - Model loaded successfully ✅
2026-03-19 12:32:27,588 - INFO - Loading ML model...
2026-03-19 12:32:28,961 - INFO - Model loaded successfully ✅
2026-03-19 12:32:35,676 - INFO - Loading ML model...
2026-03-19 12:32:36,977 - INFO - Model loaded successfully ✅
2026-03-19 12:32:40,488 - INFO - Loading ML model...
2026-03-19 12:32:41,797 - INFO - Model loaded successfully 
2026-03-19 12:32:45,855 - INFO - Loading ML model...
2026-03-19 12:32:47,059 - INFO - Model loaded successfully 
